2022-01-04T18:07:34.322+0700 [DEBUG] [org.gradle.launcher.daemon.bootstrap.DaemonMain] Assuming the daemon was started with following jvm opts: [-Xmx2048m, -Dfile.encoding=windows-1252, -Duser.country=ID, -Duser.language=en, -Duser.variant]
2022-01-04T18:07:34.381+0700 [DEBUG] [org.gradle.internal.nativeintegration.services.NativeServices] Native-platform posix files integration is not available. Continuing with fallback.
2022-01-04T18:07:34.394+0700 [INFO] [org.gradle.launcher.daemon.server.Daemon] start() called on daemon - DefaultDaemonContext[uid=45d1eb00-9e39-42f8-8dab-2597f50c4dae,javaHome=C:\Users\chand\.jdks\corretto-1.8.0_312,daemonRegistryDir=C:\Users\chand\OneDrive\Desktop\ecommerce-app-master\daemon,pid=14920,idleTimeout=10800000,priority=NORMAL,daemonOpts=-Xmx2048m,-Dfile.encoding=windows-1252,-Duser.country=ID,-Duser.language=en,-Duser.variant]
2022-01-04T18:07:34.715+0700 [DEBUG] [org.gradle.internal.remote.internal.inet.InetAddresses] Adding IP addresses for network interface Software Loopback Interface 1
2022-01-04T18:07:34.717+0700 [DEBUG] [org.gradle.internal.remote.internal.inet.InetAddresses] Is this a loopback interface? true
2022-01-04T18:07:34.718+0700 [DEBUG] [org.gradle.internal.remote.internal.inet.InetAddresses] Adding loopback address /127.0.0.1
2022-01-04T18:07:34.718+0700 [DEBUG] [org.gradle.internal.remote.internal.inet.InetAddresses] Adding loopback address /0:0:0:0:0:0:0:1
2022-01-04T18:07:34.720+0700 [DEBUG] [org.gradle.internal.remote.internal.inet.InetAddresses] Adding IP addresses for network interface Microsoft 6to4 Adapter
2022-01-04T18:07:34.722+0700 [DEBUG] [org.gradle.internal.remote.internal.inet.InetAddresses] Is this a loopback interface? false
2022-01-04T18:07:34.722+0700 [DEBUG] [org.gradle.internal.remote.internal.inet.InetAddresses] Adding IP addresses for network interface WAN Miniport (IKEv2)
2022-01-04T18:07:34.724+0700 [DEBUG] [org.gradle.internal.remote.internal.inet.InetAddresses] Is this a loopback interface? false
2022-01-04T18:07:34.724+0700 [DEBUG] [org.gradle.internal.remote.internal.inet.InetAddresses] Adding IP addresses for network interface Realtek PCIe GbE Family Controller
2022-01-04T18:07:34.726+0700 [DEBUG] [org.gradle.internal.remote.internal.inet.InetAddresses] Is this a loopback interface? false
2022-01-04T18:07:34.726+0700 [DEBUG] [org.gradle.internal.remote.internal.inet.InetAddresses] Adding remote address /fe80:0:0:0:d27:f7eb:ea59:e96d%eth0
2022-01-04T18:07:34.726+0700 [DEBUG] [org.gradle.internal.remote.internal.inet.InetAddresses] Adding IP addresses for network interface Microsoft Wi-Fi Direct Virtual Adapter #2
2022-01-04T18:07:34.728+0700 [DEBUG] [org.gradle.internal.remote.internal.inet.InetAddresses] Is this a loopback interface? false
2022-01-04T18:07:34.728+0700 [DEBUG] [org.gradle.internal.remote.internal.inet.InetAddresses] Adding remote address /fe80:0:0:0:60b5:c27:5dbe:7251%wlan0
2022-01-04T18:07:34.728+0700 [DEBUG] [org.gradle.internal.remote.internal.inet.InetAddresses] Adding IP addresses for network interface Microsoft IP-HTTPS Platform Adapter
2022-01-04T18:07:34.730+0700 [DEBUG] [org.gradle.internal.remote.internal.inet.InetAddresses] Is this a loopback interface? false
2022-01-04T18:07:34.731+0700 [DEBUG] [org.gradle.internal.remote.internal.inet.InetAddresses] Adding IP addresses for network interface WAN Miniport (PPTP)
2022-01-04T18:07:34.733+0700 [DEBUG] [org.gradle.internal.remote.internal.inet.InetAddresses] Is this a loopback interface? false
2022-01-04T18:07:34.733+0700 [DEBUG] [org.gradle.internal.remote.internal.inet.InetAddresses] Adding IP addresses for network interface WAN Miniport (SSTP)
2022-01-04T18:07:34.735+0700 [DEBUG] [org.gradle.internal.remote.internal.inet.InetAddresses] Is this a loopback interface? false
2022-01-04T18:07:34.735+0700 [DEBUG] [org.gradle.internal.remote.internal.inet.InetAddresses] Adding IP addresses for network interface WAN Miniport (PPPOE)
2022-01-04T18:07:34.737+0700 [DEBUG] [org.gradle.internal.remote.internal.inet.InetAddresses] Is this a loopback interface? false
2022-01-04T18:07:34.737+0700 [DEBUG] [org.gradle.internal.remote.internal.inet.InetAddresses] Adding IP addresses for network interface WAN Miniport (IP)
2022-01-04T18:07:34.739+0700 [DEBUG] [org.gradle.internal.remote.internal.inet.InetAddresses] Is this a loopback interface? false
2022-01-04T18:07:34.739+0700 [DEBUG] [org.gradle.internal.remote.internal.inet.InetAddresses] Adding IP addresses for network interface WAN Miniport (Network Monitor)
2022-01-04T18:07:34.740+0700 [DEBUG] [org.gradle.internal.remote.internal.inet.InetAddresses] Is this a loopback interface? false
2022-01-04T18:07:34.741+0700 [DEBUG] [org.gradle.internal.remote.internal.inet.InetAddresses] Adding IP addresses for network interface Microsoft Wi-Fi Direct Virtual Adapter
2022-01-04T18:07:34.742+0700 [DEBUG] [org.gradle.internal.remote.internal.inet.InetAddresses] Is this a loopback interface? false
2022-01-04T18:07:34.742+0700 [DEBUG] [org.gradle.internal.remote.internal.inet.InetAddresses] Adding remote address /fe80:0:0:0:c9d5:7460:9812:4051%wlan1
2022-01-04T18:07:34.743+0700 [DEBUG] [org.gradle.internal.remote.internal.inet.InetAddresses] Adding IP addresses for network interface Microsoft Teredo Tunneling Adapter
2022-01-04T18:07:34.744+0700 [DEBUG] [org.gradle.internal.remote.internal.inet.InetAddresses] Is this a loopback interface? false
2022-01-04T18:07:34.744+0700 [DEBUG] [org.gradle.internal.remote.internal.inet.InetAddresses] Adding IP addresses for network interface Microsoft Kernel Debug Network Adapter
2022-01-04T18:07:34.747+0700 [DEBUG] [org.gradle.internal.remote.internal.inet.InetAddresses] Is this a loopback interface? false
2022-01-04T18:07:34.747+0700 [DEBUG] [org.gradle.internal.remote.internal.inet.InetAddresses] Adding IP addresses for network interface WAN Miniport (IPv6)
2022-01-04T18:07:34.749+0700 [DEBUG] [org.gradle.internal.remote.internal.inet.InetAddresses] Is this a loopback interface? false
2022-01-04T18:07:34.749+0700 [DEBUG] [org.gradle.internal.remote.internal.inet.InetAddresses] Adding IP addresses for network interface Bluetooth Device (Personal Area Network)
2022-01-04T18:07:34.751+0700 [DEBUG] [org.gradle.internal.remote.internal.inet.InetAddresses] Is this a loopback interface? false
2022-01-04T18:07:34.751+0700 [DEBUG] [org.gradle.internal.remote.internal.inet.InetAddresses] Adding IP addresses for network interface WAN Miniport (L2TP)
2022-01-04T18:07:34.753+0700 [DEBUG] [org.gradle.internal.remote.internal.inet.InetAddresses] Is this a loopback interface? false
2022-01-04T18:07:34.753+0700 [DEBUG] [org.gradle.internal.remote.internal.inet.InetAddresses] Adding IP addresses for network interface Intel(R) Wi-Fi 6 AX201 160MHz
2022-01-04T18:07:34.755+0700 [DEBUG] [org.gradle.internal.remote.internal.inet.InetAddresses] Is this a loopback interface? false
2022-01-04T18:07:34.755+0700 [DEBUG] [org.gradle.internal.remote.internal.inet.InetAddresses] Adding remote address /192.168.1.16
2022-01-04T18:07:34.755+0700 [DEBUG] [org.gradle.internal.remote.internal.inet.InetAddresses] Adding remote address /fe80:0:0:0:2186:4537:3c97:417d%wlan2
2022-01-04T18:07:34.755+0700 [DEBUG] [org.gradle.internal.remote.internal.inet.InetAddresses] Adding IP addresses for network interface Realtek PCIe GbE Family Controller-WFP Native MAC Layer LightWeight Filter-0000
2022-01-04T18:07:34.757+0700 [DEBUG] [org.gradle.internal.remote.internal.inet.InetAddresses] Is this a loopback interface? false
2022-01-04T18:07:34.757+0700 [DEBUG] [org.gradle.internal.remote.internal.inet.InetAddresses] Adding IP addresses for network interface Realtek PCIe GbE Family Controller-QoS Packet Scheduler-0000
2022-01-04T18:07:34.759+0700 [DEBUG] [org.gradle.internal.remote.internal.inet.InetAddresses] Is this a loopback interface? false
2022-01-04T18:07:34.759+0700 [DEBUG] [org.gradle.internal.remote.internal.inet.InetAddresses] Adding IP addresses for network interface Realtek PCIe GbE Family Controller-WFP 802.3 MAC Layer LightWeight Filter-0000
2022-01-04T18:07:34.761+0700 [DEBUG] [org.gradle.internal.remote.internal.inet.InetAddresses] Is this a loopback interface? false
2022-01-04T18:07:34.762+0700 [DEBUG] [org.gradle.internal.remote.internal.inet.InetAddresses] Adding IP addresses for network interface Intel(R) Wi-Fi 6 AX201 160MHz-WFP Native MAC Layer LightWeight Filter-0000
2022-01-04T18:07:34.764+0700 [DEBUG] [org.gradle.internal.remote.internal.inet.InetAddresses] Is this a loopback interface? false
2022-01-04T18:07:34.764+0700 [DEBUG] [org.gradle.internal.remote.internal.inet.InetAddresses] Adding IP addresses for network interface Intel(R) Wi-Fi 6 AX201 160MHz-Virtual WiFi Filter Driver-0000
2022-01-04T18:07:34.765+0700 [DEBUG] [org.gradle.internal.remote.internal.inet.InetAddresses] Is this a loopback interface? false
2022-01-04T18:07:34.766+0700 [DEBUG] [org.gradle.internal.remote.internal.inet.InetAddresses] Adding IP addresses for network interface Intel(R) Wi-Fi 6 AX201 160MHz-Native WiFi Filter Driver-0000
2022-01-04T18:07:34.767+0700 [DEBUG] [org.gradle.internal.remote.internal.inet.InetAddresses] Is this a loopback interface? false
2022-01-04T18:07:34.767+0700 [DEBUG] [org.gradle.internal.remote.internal.inet.InetAddresses] Adding IP addresses for network interface Intel(R) Wi-Fi 6 AX201 160MHz-QoS Packet Scheduler-0000
2022-01-04T18:07:34.769+0700 [DEBUG] [org.gradle.internal.remote.internal.inet.InetAddresses] Is this a loopback interface? false
2022-01-04T18:07:34.769+0700 [DEBUG] [org.gradle.internal.remote.internal.inet.InetAddresses] Adding IP addresses for network interface Intel(R) Wi-Fi 6 AX201 160MHz-WFP 802.3 MAC Layer LightWeight Filter-0000
2022-01-04T18:07:34.771+0700 [DEBUG] [org.gradle.internal.remote.internal.inet.InetAddresses] Is this a loopback interface? false
2022-01-04T18:07:34.771+0700 [DEBUG] [org.gradle.internal.remote.internal.inet.InetAddresses] Adding IP addresses for network interface Microsoft Wi-Fi Direct Virtual Adapter-WFP Native MAC Layer LightWeight Filter-0000
2022-01-04T18:07:34.773+0700 [DEBUG] [org.gradle.internal.remote.internal.inet.InetAddresses] Is this a loopback interface? false
2022-01-04T18:07:34.773+0700 [DEBUG] [org.gradle.internal.remote.internal.inet.InetAddresses] Adding IP addresses for network interface Microsoft Wi-Fi Direct Virtual Adapter-Native WiFi Filter Driver-0000
2022-01-04T18:07:34.775+0700 [DEBUG] [org.gradle.internal.remote.internal.inet.InetAddresses] Is this a loopback interface? false
2022-01-04T18:07:34.775+0700 [DEBUG] [org.gradle.internal.remote.internal.inet.InetAddresses] Adding IP addresses for network interface Microsoft Wi-Fi Direct Virtual Adapter-QoS Packet Scheduler-0000
2022-01-04T18:07:34.777+0700 [DEBUG] [org.gradle.internal.remote.internal.inet.InetAddresses] Is this a loopback interface? false
2022-01-04T18:07:34.777+0700 [DEBUG] [org.gradle.internal.remote.internal.inet.InetAddresses] Adding IP addresses for network interface Microsoft Wi-Fi Direct Virtual Adapter-WFP 802.3 MAC Layer LightWeight Filter-0000
2022-01-04T18:07:34.779+0700 [DEBUG] [org.gradle.internal.remote.internal.inet.InetAddresses] Is this a loopback interface? false
2022-01-04T18:07:34.779+0700 [DEBUG] [org.gradle.internal.remote.internal.inet.InetAddresses] Adding IP addresses for network interface WAN Miniport (IP)-WFP Native MAC Layer LightWeight Filter-0000
2022-01-04T18:07:34.781+0700 [DEBUG] [org.gradle.internal.remote.internal.inet.InetAddresses] Is this a loopback interface? false
2022-01-04T18:07:34.781+0700 [DEBUG] [org.gradle.internal.remote.internal.inet.InetAddresses] Adding IP addresses for network interface WAN Miniport (IP)-QoS Packet Scheduler-0000
2022-01-04T18:07:34.782+0700 [DEBUG] [org.gradle.internal.remote.internal.inet.InetAddresses] Is this a loopback interface? false
2022-01-04T18:07:34.782+0700 [DEBUG] [org.gradle.internal.remote.internal.inet.InetAddresses] Adding IP addresses for network interface WAN Miniport (IPv6)-WFP Native MAC Layer LightWeight Filter-0000
2022-01-04T18:07:34.784+0700 [DEBUG] [org.gradle.internal.remote.internal.inet.InetAddresses] Is this a loopback interface? false
2022-01-04T18:07:34.784+0700 [DEBUG] [org.gradle.internal.remote.internal.inet.InetAddresses] Adding IP addresses for network interface WAN Miniport (IPv6)-QoS Packet Scheduler-0000
2022-01-04T18:07:34.786+0700 [DEBUG] [org.gradle.internal.remote.internal.inet.InetAddresses] Is this a loopback interface? false
2022-01-04T18:07:34.786+0700 [DEBUG] [org.gradle.internal.remote.internal.inet.InetAddresses] Adding IP addresses for network interface WAN Miniport (Network Monitor)-WFP Native MAC Layer LightWeight Filter-0000
2022-01-04T18:07:34.788+0700 [DEBUG] [org.gradle.internal.remote.internal.inet.InetAddresses] Is this a loopback interface? false
2022-01-04T18:07:34.788+0700 [DEBUG] [org.gradle.internal.remote.internal.inet.InetAddresses] Adding IP addresses for network interface WAN Miniport (Network Monitor)-QoS Packet Scheduler-0000
2022-01-04T18:07:34.790+0700 [DEBUG] [org.gradle.internal.remote.internal.inet.InetAddresses] Is this a loopback interface? false
2022-01-04T18:07:34.790+0700 [DEBUG] [org.gradle.internal.remote.internal.inet.InetAddresses] Adding IP addresses for network interface Microsoft Wi-Fi Direct Virtual Adapter #2-WFP Native MAC Layer LightWeight Filter-0000
2022-01-04T18:07:34.791+0700 [DEBUG] [org.gradle.internal.remote.internal.inet.InetAddresses] Is this a loopback interface? false
2022-01-04T18:07:34.792+0700 [DEBUG] [org.gradle.internal.remote.internal.inet.InetAddresses] Adding IP addresses for network interface Microsoft Wi-Fi Direct Virtual Adapter #2-Native WiFi Filter Driver-0000
2022-01-04T18:07:34.795+0700 [DEBUG] [org.gradle.internal.remote.internal.inet.InetAddresses] Is this a loopback interface? false
2022-01-04T18:07:34.795+0700 [DEBUG] [org.gradle.internal.remote.internal.inet.InetAddresses] Adding IP addresses for network interface Microsoft Wi-Fi Direct Virtual Adapter #2-QoS Packet Scheduler-0000
2022-01-04T18:07:34.797+0700 [DEBUG] [org.gradle.internal.remote.internal.inet.InetAddresses] Is this a loopback interface? false
2022-01-04T18:07:34.797+0700 [DEBUG] [org.gradle.internal.remote.internal.inet.InetAddresses] Adding IP addresses for network interface Microsoft Wi-Fi Direct Virtual Adapter #2-WFP 802.3 MAC Layer LightWeight Filter-0000
2022-01-04T18:07:34.799+0700 [DEBUG] [org.gradle.internal.remote.internal.inet.InetAddresses] Is this a loopback interface? false
2022-01-04T18:07:34.802+0700 [DEBUG] [org.gradle.internal.remote.internal.inet.TcpIncomingConnector] Listening on [c565592a-5e05-41b9-a852-212cbc650d1a port:62033, addresses:[localhost/127.0.0.1]].
2022-01-04T18:07:34.806+0700 [DEBUG] [org.gradle.launcher.daemon.server.Daemon] Daemon starting at: Tue Jan 04 18:07:34 ICT 2022, with address: [c565592a-5e05-41b9-a852-212cbc650d1a port:62033, addresses:[localhost/127.0.0.1]]
2022-01-04T18:07:34.806+0700 [INFO] [org.gradle.launcher.daemon.server.DaemonRegistryUpdater] Advertising the daemon address to the clients: [c565592a-5e05-41b9-a852-212cbc650d1a port:62033, addresses:[localhost/127.0.0.1]]
2022-01-04T18:07:34.806+0700 [DEBUG] [org.gradle.launcher.daemon.server.DaemonRegistryUpdater] Advertised daemon context: DefaultDaemonContext[uid=45d1eb00-9e39-42f8-8dab-2597f50c4dae,javaHome=C:\Users\chand\.jdks\corretto-1.8.0_312,daemonRegistryDir=C:\Users\chand\OneDrive\Desktop\ecommerce-app-master\daemon,pid=14920,idleTimeout=10800000,priority=NORMAL,daemonOpts=-Xmx2048m,-Dfile.encoding=windows-1252,-Duser.country=ID,-Duser.language=en,-Duser.variant]
2022-01-04T18:07:34.807+0700 [DEBUG] [org.gradle.launcher.daemon.registry.PersistentDaemonRegistry] Storing daemon address: [c565592a-5e05-41b9-a852-212cbc650d1a port:62033, addresses:[localhost/127.0.0.1]], context: DefaultDaemonContext[uid=45d1eb00-9e39-42f8-8dab-2597f50c4dae,javaHome=C:\Users\chand\.jdks\corretto-1.8.0_312,daemonRegistryDir=C:\Users\chand\OneDrive\Desktop\ecommerce-app-master\daemon,pid=14920,idleTimeout=10800000,priority=NORMAL,daemonOpts=-Xmx2048m,-Dfile.encoding=windows-1252,-Duser.country=ID,-Duser.language=en,-Duser.variant]
2022-01-04T18:07:34.817+0700 [DEBUG] [org.gradle.cache.internal.DefaultFileLockManager] Waiting to acquire exclusive lock on daemon addresses registry.
2022-01-04T18:07:34.819+0700 [DEBUG] [org.gradle.cache.internal.DefaultFileLockManager] Lock acquired on daemon addresses registry.
2022-01-04T18:07:34.823+0700 [DEBUG] [org.gradle.cache.internal.DefaultFileLockManager] Releasing lock on daemon addresses registry.
2022-01-04T18:07:34.823+0700 [LIFECYCLE] [org.gradle.launcher.daemon.server.Daemon] Daemon server started.
2022-01-04T18:07:34.824+0700 [DEBUG] [org.gradle.launcher.daemon.bootstrap.DaemonStartupCommunication] Completed writing the daemon greeting. Closing streams...
2022-01-04T18:07:34.829+0700 [DEBUG] [org.gradle.launcher.daemon.server.Daemon] stopOnExpiration() called on daemon
2022-01-04T18:07:34.830+0700 [DEBUG] [org.gradle.launcher.daemon.server.Daemon] awaitExpiration() called on daemon
2022-01-04T18:07:34.830+0700 [DEBUG] [org.gradle.launcher.daemon.server.DaemonStateCoordinator] daemon is running. Sleeping until state changes.
2022-01-04T18:07:34.833+0700 [DEBUG] [org.gradle.internal.remote.internal.inet.TcpIncomingConnector] Accepted connection from /127.0.0.1:62034 to /127.0.0.1:62033.
2022-01-04T18:07:34.885+0700 [DEBUG] [org.gradle.launcher.daemon.server.SynchronizedDispatchConnection] thread 18: received class org.gradle.launcher.daemon.protocol.Build
2022-01-04T18:07:34.886+0700 [DEBUG] [org.gradle.launcher.daemon.server.DefaultDaemonConnection] thread 18: Received non-IO message from client: Build{id=7737ff2b-b498-46bd-b1d9-df25c7a12cfa, currentDir=C:\Users\chand\OneDrive\Desktop\Android-OrderFood-master\OrderFood}
2022-01-04T18:07:34.886+0700 [INFO] [org.gradle.launcher.daemon.server.DefaultIncomingConnectionHandler] Received command: Build{id=7737ff2b-b498-46bd-b1d9-df25c7a12cfa, currentDir=C:\Users\chand\OneDrive\Desktop\Android-OrderFood-master\OrderFood}.
2022-01-04T18:07:34.886+0700 [DEBUG] [org.gradle.launcher.daemon.server.DefaultIncomingConnectionHandler] Starting executing command: Build{id=7737ff2b-b498-46bd-b1d9-df25c7a12cfa, currentDir=C:\Users\chand\OneDrive\Desktop\Android-OrderFood-master\OrderFood} with connection: socket connection from /127.0.0.1:62033 to /127.0.0.1:62034.
2022-01-04T18:07:34.887+0700 [DEBUG] [org.gradle.launcher.daemon.server.DaemonStateCoordinator] Command execution: started DaemonCommandExecution[command = Build{id=7737ff2b-b498-46bd-b1d9-df25c7a12cfa, currentDir=C:\Users\chand\OneDrive\Desktop\Android-OrderFood-master\OrderFood}, connection = DefaultDaemonConnection: socket connection from /127.0.0.1:62033 to /127.0.0.1:62034] after 0.0 minutes of idle
2022-01-04T18:07:34.888+0700 [INFO] [org.gradle.launcher.daemon.server.DaemonRegistryUpdater] Marking the daemon as busy, address: [c565592a-5e05-41b9-a852-212cbc650d1a port:62033, addresses:[localhost/127.0.0.1]]
2022-01-04T18:07:34.888+0700 [DEBUG] [org.gradle.launcher.daemon.registry.PersistentDaemonRegistry] Marking busy by address: [c565592a-5e05-41b9-a852-212cbc650d1a port:62033, addresses:[localhost/127.0.0.1]]
2022-01-04T18:07:34.892+0700 [DEBUG] [org.gradle.cache.internal.DefaultFileLockManager] Waiting to acquire exclusive lock on daemon addresses registry.
2022-01-04T18:07:34.892+0700 [DEBUG] [org.gradle.cache.internal.DefaultFileLockManager] Lock acquired on daemon addresses registry.
2022-01-04T18:07:34.898+0700 [DEBUG] [org.gradle.cache.internal.DefaultFileLockManager] Releasing lock on daemon addresses registry.
2022-01-04T18:07:34.898+0700 [DEBUG] [org.gradle.launcher.daemon.server.DaemonStateCoordinator] resetting idle timer
2022-01-04T18:07:34.898+0700 [DEBUG] [org.gradle.launcher.daemon.server.DaemonStateCoordinator] daemon is running. Sleeping until state changes.
2022-01-04T18:07:34.899+0700 [INFO] [org.gradle.launcher.daemon.server.exec.StartBuildOrRespondWithBusy] Daemon is about to start building Build{id=7737ff2b-b498-46bd-b1d9-df25c7a12cfa, currentDir=C:\Users\chand\OneDrive\Desktop\Android-OrderFood-master\OrderFood}. Dispatching build started information...
2022-01-04T18:07:34.899+0700 [DEBUG] [org.gradle.launcher.daemon.server.SynchronizedDispatchConnection] thread 20: dispatching org.gradle.launcher.daemon.protocol.BuildStarted@199c9fc9
2022-01-04T18:07:34.900+0700 [DEBUG] [org.gradle.launcher.daemon.server.exec.EstablishBuildEnvironment] Configuring env variables: [USERDOMAIN_ROAMINGPROFILE, LOCALAPPDATA, PROCESSOR_LEVEL, USERDOMAIN, LOGONSERVER, SESSIONNAME, ALLUSERSPROFILE, INTEL_DEV_REDIST, PROCESSOR_ARCHITECTURE, MIC_LD_LIBRARY_PATH, PSModulePath, SystemDrive, OneDrive, PT8HOME, APPDATA, USERNAME, ProgramFiles(x86), CommonProgramFiles, Path, PATHEXT, DriverData, OS, COMPUTERNAME, PROCESSOR_REVISION, CommonProgramW6432, ComSpec, ProgramData, ProgramW6432, SystemRoot, HOMEPATH, TEMP, PROCESSOR_IDENTIFIER, HOMEDRIVE, USERPROFILE, TMP, CommonProgramFiles(x86), ProgramFiles, PUBLIC, windir, NUMBER_OF_PROCESSORS, =::, IDEA_INITIAL_DIRECTORY]
2022-01-04T18:07:34.902+0700 [DEBUG] [org.gradle.launcher.daemon.server.SynchronizedDispatchConnection] thread 18: received class org.gradle.launcher.daemon.protocol.CloseInput
2022-01-04T18:07:34.902+0700 [DEBUG] [org.gradle.launcher.daemon.server.DefaultDaemonConnection] thread 18: Received IO message from client: org.gradle.launcher.daemon.protocol.CloseInput@121eb76f
2022-01-04T18:07:34.904+0700 [DEBUG] [org.gradle.launcher.daemon.server.exec.LogToClient] About to start relaying all logs to the client via the connection.
2022-01-04T18:07:34.904+0700 [INFO] [org.gradle.launcher.daemon.server.exec.LogToClient] The client will now receive all logging from the daemon (pid: 14920). The daemon log file: C:\Users\chand\OneDrive\Desktop\ecommerce-app-master\daemon\7.0.2\daemon-14920.out.log
2022-01-04T18:07:34.906+0700 [INFO] [org.gradle.launcher.daemon.server.exec.LogAndCheckHealth] Starting build in new daemon [memory: 1.7 GiB]
2022-01-04T18:07:34.908+0700 [INFO] [org.gradle.launcher.daemon.server.exec.ForwardClientInput] Closing daemon's stdin at end of input.
2022-01-04T18:07:34.908+0700 [INFO] [org.gradle.launcher.daemon.server.exec.ForwardClientInput] The daemon will no longer process any standard input.
2022-01-04T18:07:34.910+0700 [DEBUG] [org.gradle.launcher.daemon.server.exec.ExecuteBuild] The daemon has started executing the build.
2022-01-04T18:07:34.910+0700 [DEBUG] [org.gradle.launcher.daemon.server.exec.ExecuteBuild] Executing build with daemon context: DefaultDaemonContext[uid=45d1eb00-9e39-42f8-8dab-2597f50c4dae,javaHome=C:\Users\chand\.jdks\corretto-1.8.0_312,daemonRegistryDir=C:\Users\chand\OneDrive\Desktop\ecommerce-app-master\daemon,pid=14920,idleTimeout=10800000,priority=NORMAL,daemonOpts=-Xmx2048m,-Dfile.encoding=windows-1252,-Duser.country=ID,-Duser.language=en,-Duser.variant]
Could not find google-services.json while looking in [src/nullnull/debug, src/debug/nullnull, src/nullnull, src/debug, src/nullnullDebug]
registerResGeneratingTask is deprecated, use registerGeneratedResFolders(FileCollection)
Could not find google-services.json while looking in [src/nullnull/release, src/release/nullnull, src/nullnull, src/release, src/nullnullRelease]
registerResGeneratingTask is deprecated, use registerGeneratedResFolders(FileCollection)

Deprecated Gradle features were used in this build, making it incompatible with Gradle 8.0.
Use '--warning-mode all' to show the individual deprecation warnings.
See https://docs.gradle.org/7.0.2/userguide/command_line_interface.html#sec:command_line_warnings

BUILD SUCCESSFUL in 54s
2022-01-04T18:08:20.030+0700 [DEBUG] [org.gradle.launcher.daemon.server.exec.ExecuteBuild] The daemon has finished executing the build.
2022-01-04T18:08:20.047+0700 [DEBUG] [org.gradle.launcher.daemon.server.DaemonStateCoordinator] daemon is running. Sleeping until state changes.
2022-01-04T18:08:20.047+0700 [DEBUG] [org.gradle.launcher.daemon.server.DaemonStateCoordinator] Command execution: finished waiting for DaemonCommandExecution[command = Build{id=7737ff2b-b498-46bd-b1d9-df25c7a12cfa, currentDir=C:\Users\chand\OneDrive\Desktop\Android-OrderFood-master\OrderFood}, connection = DefaultDaemonConnection: socket connection from /127.0.0.1:62033 to /127.0.0.1:62034]. Result org.gradle.launcher.daemon.server.DaemonStateCoordinator@2f122913 with state Busy
2022-01-04T18:08:20.047+0700 [DEBUG] [org.gradle.launcher.daemon.server.DaemonStateCoordinator] Command execution: completed DaemonCommandExecution[command = Build{id=7737ff2b-b498-46bd-b1d9-df25c7a12cfa, currentDir=C:\Users\chand\OneDrive\Desktop\Android-OrderFood-master\OrderFood}, connection = DefaultDaemonConnection: socket connection from /127.0.0.1:62033 to /127.0.0.1:62034]
2022-01-04T18:08:20.047+0700 [DEBUG] [org.gradle.launcher.daemon.server.DaemonStateCoordinator] resetting idle timer
2022-01-04T18:08:20.048+0700 [INFO] [org.gradle.launcher.daemon.server.DaemonRegistryUpdater] Marking the daemon as idle, address: [c565592a-5e05-41b9-a852-212cbc650d1a port:62033, addresses:[localhost/127.0.0.1]]
2022-01-04T18:08:20.048+0700 [DEBUG] [org.gradle.launcher.daemon.registry.PersistentDaemonRegistry] Marking busy by address: [c565592a-5e05-41b9-a852-212cbc650d1a port:62033, addresses:[localhost/127.0.0.1]]
2022-01-04T18:08:20.048+0700 [DEBUG] [org.gradle.cache.internal.DefaultFileLockManager] Waiting to acquire exclusive lock on daemon addresses registry.
2022-01-04T18:08:20.049+0700 [DEBUG] [org.gradle.cache.internal.DefaultFileLockManager] Lock acquired on daemon addresses registry.
2022-01-04T18:08:20.050+0700 [DEBUG] [org.gradle.cache.internal.DefaultFileLockManager] Releasing lock on daemon addresses registry.
2022-01-04T18:08:20.050+0700 [DEBUG] [org.gradle.launcher.daemon.server.DaemonStateCoordinator] daemon is running. Sleeping until state changes.
2022-01-04T18:08:20.050+0700 [DEBUG] [org.gradle.launcher.daemon.server.exec.ReturnResult] Daemon is dispatching the build result: Success[value=org.gradle.launcher.exec.BuildActionResult@10781814]
2022-01-04T18:08:20.050+0700 [DEBUG] [org.gradle.launcher.daemon.server.SynchronizedDispatchConnection] thread 17: dispatching Success[value=org.gradle.launcher.exec.BuildActionResult@10781814]
2022-01-04T18:08:20.051+0700 [DEBUG] [org.gradle.launcher.daemon.server.DefaultIncomingConnectionHandler] Finishing executing command: Build{id=7737ff2b-b498-46bd-b1d9-df25c7a12cfa, currentDir=C:\Users\chand\OneDrive\Desktop\Android-OrderFood-master\OrderFood}
2022-01-04T18:08:20.160+0700 [DEBUG] [org.gradle.launcher.daemon.server.SynchronizedDispatchConnection] thread 18: received class org.gradle.launcher.daemon.protocol.Finished
2022-01-04T18:08:20.160+0700 [DEBUG] [org.gradle.launcher.daemon.server.DefaultDaemonConnection] thread 18: Received non-IO message from client: org.gradle.launcher.daemon.protocol.Finished@2899d539
2022-01-04T18:08:20.160+0700 [DEBUG] [org.gradle.launcher.daemon.server.DefaultIncomingConnectionHandler] Received finished message: org.gradle.launcher.daemon.protocol.Finished@2899d539
2022-01-04T18:08:20.160+0700 [DEBUG] [org.gradle.launcher.daemon.server.SynchronizedDispatchConnection] thread 17: stopping connection
2022-01-04T18:08:20.161+0700 [DEBUG] [org.gradle.internal.remote.internal.inet.SocketConnection] Discarding EOFException: java.io.EOFException
2022-01-04T18:08:20.162+0700 [DEBUG] [org.gradle.launcher.daemon.server.SynchronizedDispatchConnection] thread 18: received null
2022-01-04T18:08:20.162+0700 [DEBUG] [org.gradle.launcher.daemon.server.DefaultDaemonConnection] thread 18: Received end-of-input from client.
2022-01-04T18:08:20.162+0700 [DEBUG] [org.gradle.launcher.daemon.server.SynchronizedDispatchConnection] thread 17: stopping connection
2022-01-04T18:08:22.883+0700 [DEBUG] [org.gradle.process.internal.health.memory.DefaultMemoryManager] 827708211 memory requested, 488673280 free
2022-01-04T18:08:22.884+0700 [DEBUG] [org.gradle.workers.internal.WorkerDaemonExpiration] Will attempt to release 789 of memory
2022-01-04T18:08:22.884+0700 [DEBUG] [org.gradle.process.internal.health.memory.DefaultMemoryManager] 827708211 memory requested, 0 released, 488673280 free
2022-01-04T18:08:24.855+0700 [DEBUG] [org.gradle.cache.internal.DefaultFileLockManager] Waiting to acquire shared lock on daemon addresses registry.
2022-01-04T18:08:24.856+0700 [DEBUG] [org.gradle.cache.internal.DefaultFileLockManager] Lock acquired on daemon addresses registry.
2022-01-04T18:08:24.885+0700 [DEBUG] [org.gradle.cache.internal.DefaultFileLockManager] Releasing lock on daemon addresses registry.
2022-01-04T18:08:24.887+0700 [DEBUG] [org.gradle.cache.internal.DefaultFileLockManager] Waiting to acquire shared lock on daemon addresses registry.
2022-01-04T18:08:24.887+0700 [DEBUG] [org.gradle.cache.internal.DefaultFileLockManager] Lock acquired on daemon addresses registry.
2022-01-04T18:08:24.888+0700 [DEBUG] [org.gradle.cache.internal.DefaultFileLockManager] Releasing lock on daemon addresses registry.
2022-01-04T18:08:27.879+0700 [DEBUG] [org.gradle.process.internal.health.memory.DefaultMemoryManager] 827708211 memory requested, 446382080 free
2022-01-04T18:08:27.879+0700 [DEBUG] [org.gradle.workers.internal.WorkerDaemonExpiration] Will attempt to release 789 of memory
2022-01-04T18:08:27.880+0700 [DEBUG] [org.gradle.process.internal.health.memory.DefaultMemoryManager] 827708211 memory requested, 0 released, 446382080 free
2022-01-04T18:08:32.877+0700 [DEBUG] [org.gradle.process.internal.health.memory.DefaultMemoryManager] 827708211 memory requested, 719007744 free
2022-01-04T18:08:32.877+0700 [DEBUG] [org.gradle.workers.internal.WorkerDaemonExpiration] Will attempt to release 789 of memory
2022-01-04T18:08:32.878+0700 [DEBUG] [org.gradle.process.internal.health.memory.DefaultMemoryManager] 827708211 memory requested, 0 released, 719007744 free
2022-01-04T18:08:34.840+0700 [DEBUG] [org.gradle.cache.internal.DefaultFileLockManager] Waiting to acquire shared lock on daemon addresses registry.
2022-01-04T18:08:34.840+0700 [DEBUG] [org.gradle.cache.internal.DefaultFileLockManager] Lock acquired on daemon addresses registry.
2022-01-04T18:08:34.841+0700 [DEBUG] [org.gradle.cache.internal.DefaultFileLockManager] Releasing lock on daemon addresses registry.
2022-01-04T18:08:34.842+0700 [DEBUG] [org.gradle.cache.internal.DefaultFileLockManager] Waiting to acquire shared lock on daemon addresses registry.
2022-01-04T18:08:34.842+0700 [DEBUG] [org.gradle.cache.internal.DefaultFileLockManager] Lock acquired on daemon addresses registry.
2022-01-04T18:08:34.843+0700 [DEBUG] [org.gradle.cache.internal.DefaultFileLockManager] Releasing lock on daemon addresses registry.
2022-01-04T18:08:34.844+0700 [DEBUG] [org.gradle.cache.internal.DefaultFileLockManager] Waiting to acquire shared lock on daemon addresses registry.
2022-01-04T18:08:34.844+0700 [DEBUG] [org.gradle.cache.internal.DefaultFileLockManager] Lock acquired on daemon addresses registry.
2022-01-04T18:08:34.844+0700 [DEBUG] [org.gradle.cache.internal.DefaultFileLockManager] Releasing lock on daemon addresses registry.
2022-01-04T18:08:37.884+0700 [DEBUG] [org.gradle.process.internal.health.memory.DefaultMemoryManager] 827708211 memory requested, 588419072 free
2022-01-04T18:08:37.884+0700 [DEBUG] [org.gradle.workers.internal.WorkerDaemonExpiration] Will attempt to release 789 of memory
2022-01-04T18:08:37.884+0700 [DEBUG] [org.gradle.process.internal.health.memory.DefaultMemoryManager] 827708211 memory requested, 0 released, 588419072 free
2022-01-04T18:08:42.875+0700 [DEBUG] [org.gradle.process.internal.health.memory.DefaultMemoryManager] 827708211 memory requested, 665374720 free
2022-01-04T18:08:42.875+0700 [DEBUG] [org.gradle.workers.internal.WorkerDaemonExpiration] Will attempt to release 789 of memory
2022-01-04T18:08:42.875+0700 [DEBUG] [org.gradle.process.internal.health.memory.DefaultMemoryManager] 827708211 memory requested, 0 released, 665374720 free
2022-01-04T18:08:44.839+0700 [DEBUG] [org.gradle.cache.internal.DefaultFileLockManager] Waiting to acquire shared lock on daemon addresses registry.
2022-01-04T18:08:44.840+0700 [DEBUG] [org.gradle.cache.internal.DefaultFileLockManager] Lock acquired on daemon addresses registry.
2022-01-04T18:08:44.840+0700 [DEBUG] [org.gradle.cache.internal.DefaultFileLockManager] Releasing lock on daemon addresses registry.
2022-01-04T18:08:44.841+0700 [DEBUG] [org.gradle.cache.internal.DefaultFileLockManager] Waiting to acquire shared lock on daemon addresses registry.
2022-01-04T18:08:44.841+0700 [DEBUG] [org.gradle.cache.internal.DefaultFileLockManager] Lock acquired on daemon addresses registry.
2022-01-04T18:08:44.841+0700 [DEBUG] [org.gradle.cache.internal.DefaultFileLockManager] Releasing lock on daemon addresses registry.
2022-01-04T18:08:44.842+0700 [DEBUG] [org.gradle.cache.internal.DefaultFileLockManager] Waiting to acquire shared lock on daemon addresses registry.
2022-01-04T18:08:44.842+0700 [DEBUG] [org.gradle.cache.internal.DefaultFileLockManager] Lock acquired on daemon addresses registry.
2022-01-04T18:08:44.842+0700 [DEBUG] [org.gradle.cache.internal.DefaultFileLockManager] Releasing lock on daemon addresses registry.
2022-01-04T18:08:47.885+0700 [DEBUG] [org.gradle.process.internal.health.memory.DefaultMemoryManager] 827708211 memory requested, 617910272 free
2022-01-04T18:08:47.885+0700 [DEBUG] [org.gradle.workers.internal.WorkerDaemonExpiration] Will attempt to release 789 of memory
2022-01-04T18:08:47.885+0700 [DEBUG] [org.gradle.process.internal.health.memory.DefaultMemoryManager] 827708211 memory requested, 0 released, 617910272 free
2022-01-04T18:08:52.874+0700 [DEBUG] [org.gradle.process.internal.health.memory.DefaultMemoryManager] 827708211 memory requested, 571854848 free
2022-01-04T18:08:52.874+0700 [DEBUG] [org.gradle.workers.internal.WorkerDaemonExpiration] Will attempt to release 789 of memory
2022-01-04T18:08:52.874+0700 [DEBUG] [org.gradle.process.internal.health.memory.DefaultMemoryManager] 827708211 memory requested, 0 released, 571854848 free
2022-01-04T18:08:54.846+0700 [DEBUG] [org.gradle.cache.internal.DefaultFileLockManager] Waiting to acquire shared lock on daemon addresses registry.
2022-01-04T18:08:54.846+0700 [DEBUG] [org.gradle.cache.internal.DefaultFileLockManager] Lock acquired on daemon addresses registry.
2022-01-04T18:08:54.846+0700 [DEBUG] [org.gradle.cache.internal.DefaultFileLockManager] Releasing lock on daemon addresses registry.
2022-01-04T18:08:54.847+0700 [DEBUG] [org.gradle.cache.internal.DefaultFileLockManager] Waiting to acquire shared lock on daemon addresses registry.
2022-01-04T18:08:54.848+0700 [DEBUG] [org.gradle.cache.internal.DefaultFileLockManager] Lock acquired on daemon addresses registry.
2022-01-04T18:08:54.848+0700 [DEBUG] [org.gradle.cache.internal.DefaultFileLockManager] Releasing lock on daemon addresses registry.
2022-01-04T18:08:54.848+0700 [DEBUG] [org.gradle.cache.internal.DefaultFileLockManager] Waiting to acquire shared lock on daemon addresses registry.
2022-01-04T18:08:54.848+0700 [DEBUG] [org.gradle.cache.internal.DefaultFileLockManager] Lock acquired on daemon addresses registry.
2022-01-04T18:08:54.848+0700 [DEBUG] [org.gradle.cache.internal.DefaultFileLockManager] Releasing lock on daemon addresses registry.
2022-01-04T18:08:57.827+0700 [DEBUG] [org.gradle.cache.internal.LockOnDemandCrossProcessCacheAccess] Lock on file hash cache (C:\Users\chand\OneDrive\Desktop\ecommerce-app-master\caches\7.0.2\fileHashes) requested by another process - releasing lock.
2022-01-04T18:08:57.827+0700 [DEBUG] [org.gradle.cache.internal.LockOnDemandCrossProcessCacheAccess] Releasing file lock for file hash cache (C:\Users\chand\OneDrive\Desktop\ecommerce-app-master\caches\7.0.2\fileHashes)
2022-01-04T18:08:57.827+0700 [DEBUG] [org.gradle.cache.internal.btree.BTreePersistentIndexedCache] Closing cache fileHashes.bin (C:\Users\chand\OneDrive\Desktop\ecommerce-app-master\caches\7.0.2\fileHashes\fileHashes.bin)
2022-01-04T18:08:57.830+0700 [DEBUG] [org.gradle.cache.internal.btree.BTreePersistentIndexedCache] Closing cache resourceHashesCache.bin (C:\Users\chand\OneDrive\Desktop\ecommerce-app-master\caches\7.0.2\fileHashes\resourceHashesCache.bin)
2022-01-04T18:08:57.831+0700 [DEBUG] [org.gradle.cache.internal.DefaultFileLockManager] Releasing lock on file hash cache (C:\Users\chand\OneDrive\Desktop\ecommerce-app-master\caches\7.0.2\fileHashes).
2022-01-04T18:08:57.832+0700 [DEBUG] [org.gradle.cache.internal.locklistener.FileLockCommunicator] Confirming lock release to Gradle process at port 60703 for lock with id 2999345768557399442.
2022-01-04T18:08:57.832+0700 [DEBUG] [org.gradle.cache.internal.locklistener.FileLockCommunicator] Confirming lock release to Gradle process at port 60703 for lock with id 2999345768557399442.
2022-01-04T18:08:57.877+0700 [DEBUG] [org.gradle.process.internal.health.memory.DefaultMemoryManager] 827708211 memory requested, 493932544 free
2022-01-04T18:08:57.877+0700 [DEBUG] [org.gradle.workers.internal.WorkerDaemonExpiration] Will attempt to release 789 of memory
2022-01-04T18:08:57.877+0700 [DEBUG] [org.gradle.process.internal.health.memory.DefaultMemoryManager] 827708211 memory requested, 0 released, 493932544 free
2022-01-04T18:08:57.953+0700 [DEBUG] [org.gradle.cache.internal.LockOnDemandCrossProcessCacheAccess] Lock on journal cache (C:\Users\chand\OneDrive\Desktop\ecommerce-app-master\caches\journal-1) requested by another process - releasing lock.
2022-01-04T18:08:57.953+0700 [DEBUG] [org.gradle.cache.internal.LockOnDemandCrossProcessCacheAccess] Releasing file lock for journal cache (C:\Users\chand\OneDrive\Desktop\ecommerce-app-master\caches\journal-1)
2022-01-04T18:08:57.953+0700 [DEBUG] [org.gradle.cache.internal.btree.BTreePersistentIndexedCache] Closing cache file-access.bin (C:\Users\chand\OneDrive\Desktop\ecommerce-app-master\caches\journal-1\file-access.bin)
2022-01-04T18:08:57.954+0700 [DEBUG] [org.gradle.cache.internal.DefaultFileLockManager] Releasing lock on journal cache (C:\Users\chand\OneDrive\Desktop\ecommerce-app-master\caches\journal-1).
2022-01-04T18:08:57.955+0700 [DEBUG] [org.gradle.cache.internal.locklistener.FileLockCommunicator] Confirming lock release to Gradle process at port 60703 for lock with id -3722697655471098526.
2022-01-04T18:08:57.955+0700 [DEBUG] [org.gradle.cache.internal.locklistener.FileLockCommunicator] Confirming lock release to Gradle process at port 60703 for lock with id -3722697655471098526.
2022-01-04T18:08:58.897+0700 [DEBUG] [org.gradle.cache.internal.LockOnDemandCrossProcessCacheAccess] Lock on execution history cache (C:\Users\chand\OneDrive\Desktop\ecommerce-app-master\caches\7.0.2\executionHistory) requested by another process - releasing lock.
2022-01-04T18:08:58.897+0700 [DEBUG] [org.gradle.cache.internal.LockOnDemandCrossProcessCacheAccess] Releasing file lock for execution history cache (C:\Users\chand\OneDrive\Desktop\ecommerce-app-master\caches\7.0.2\executionHistory)
2022-01-04T18:08:58.898+0700 [DEBUG] [org.gradle.cache.internal.btree.BTreePersistentIndexedCache] Closing cache executionHistory.bin (C:\Users\chand\OneDrive\Desktop\ecommerce-app-master\caches\7.0.2\executionHistory\executionHistory.bin)
2022-01-04T18:08:58.899+0700 [DEBUG] [org.gradle.cache.internal.DefaultFileLockManager] Releasing lock on execution history cache (C:\Users\chand\OneDrive\Desktop\ecommerce-app-master\caches\7.0.2\executionHistory).
2022-01-04T18:08:58.899+0700 [DEBUG] [org.gradle.cache.internal.locklistener.FileLockCommunicator] Confirming lock release to Gradle process at port 60703 for lock with id -5812466994224390433.
2022-01-04T18:08:58.900+0700 [DEBUG] [org.gradle.cache.internal.locklistener.FileLockCommunicator] Confirming lock release to Gradle process at port 60703 for lock with id -5812466994224390433.
2022-01-04T18:08:59.673+0700 [DEBUG] [org.gradle.cache.internal.LockOnDemandCrossProcessCacheAccess] Lock on jars (C:\Users\chand\OneDrive\Desktop\ecommerce-app-master\caches\jars-8) requested by another process - releasing lock.
2022-01-04T18:08:59.674+0700 [DEBUG] [org.gradle.cache.internal.LockOnDemandCrossProcessCacheAccess] Releasing file lock for jars (C:\Users\chand\OneDrive\Desktop\ecommerce-app-master\caches\jars-8)
2022-01-04T18:08:59.674+0700 [DEBUG] [org.gradle.cache.internal.DefaultFileLockManager] Releasing lock on jars (C:\Users\chand\OneDrive\Desktop\ecommerce-app-master\caches\jars-8).
2022-01-04T18:08:59.675+0700 [DEBUG] [org.gradle.cache.internal.locklistener.FileLockCommunicator] Confirming lock release to Gradle process at port 60703 for lock with id 3873300248088594301.
2022-01-04T18:08:59.675+0700 [DEBUG] [org.gradle.cache.internal.locklistener.FileLockCommunicator] Confirming lock release to Gradle process at port 60703 for lock with id 3873300248088594301.
2022-01-04T18:08:59.923+0700 [DEBUG] [org.gradle.cache.internal.LockOnDemandCrossProcessCacheAccess] Lock on file content cache (C:\Users\chand\OneDrive\Desktop\ecommerce-app-master\caches\7.0.2\fileContent) requested by another process - releasing lock.
2022-01-04T18:08:59.923+0700 [DEBUG] [org.gradle.cache.internal.LockOnDemandCrossProcessCacheAccess] Releasing file lock for file content cache (C:\Users\chand\OneDrive\Desktop\ecommerce-app-master\caches\7.0.2\fileContent)
2022-01-04T18:08:59.923+0700 [DEBUG] [org.gradle.cache.internal.DefaultFileLockManager] Releasing lock on file content cache (C:\Users\chand\OneDrive\Desktop\ecommerce-app-master\caches\7.0.2\fileContent).
2022-01-04T18:08:59.924+0700 [DEBUG] [org.gradle.cache.internal.locklistener.FileLockCommunicator] Confirming lock release to Gradle process at port 60703 for lock with id 3769221173908894402.
2022-01-04T18:08:59.925+0700 [DEBUG] [org.gradle.cache.internal.locklistener.FileLockCommunicator] Confirming lock release to Gradle process at port 60703 for lock with id 3769221173908894402.
2022-01-04T18:09:00.728+0700 [DEBUG] [org.gradle.cache.internal.LockOnDemandCrossProcessCacheAccess] Lock on artifact cache (C:\Users\chand\OneDrive\Desktop\ecommerce-app-master\caches\modules-2) requested by another process - releasing lock.
2022-01-04T18:09:00.728+0700 [DEBUG] [org.gradle.cache.internal.LockOnDemandCrossProcessCacheAccess] Releasing file lock for artifact cache (C:\Users\chand\OneDrive\Desktop\ecommerce-app-master\caches\modules-2)
2022-01-04T18:09:00.728+0700 [DEBUG] [org.gradle.cache.internal.btree.BTreePersistentIndexedCache] Closing cache module-metadata.bin (C:\Users\chand\OneDrive\Desktop\ecommerce-app-master\caches\modules-2\metadata-2.97\module-metadata.bin)
2022-01-04T18:09:00.729+0700 [DEBUG] [org.gradle.cache.internal.btree.BTreePersistentIndexedCache] Closing cache module-artifact.bin (C:\Users\chand\OneDrive\Desktop\ecommerce-app-master\caches\modules-2\metadata-2.97\module-artifact.bin)
2022-01-04T18:09:00.729+0700 [DEBUG] [org.gradle.cache.internal.btree.BTreePersistentIndexedCache] Closing cache module-artifacts.bin (C:\Users\chand\OneDrive\Desktop\ecommerce-app-master\caches\modules-2\metadata-2.97\module-artifacts.bin)
2022-01-04T18:09:00.730+0700 [DEBUG] [org.gradle.cache.internal.btree.BTreePersistentIndexedCache] Closing cache module-versions.bin (C:\Users\chand\OneDrive\Desktop\ecommerce-app-master\caches\modules-2\metadata-2.97\module-versions.bin)
2022-01-04T18:09:00.730+0700 [DEBUG] [org.gradle.cache.internal.btree.BTreePersistentIndexedCache] Closing cache resource-at-url.bin (C:\Users\chand\OneDrive\Desktop\ecommerce-app-master\caches\modules-2\metadata-2.97\resource-at-url.bin)
2022-01-04T18:09:00.730+0700 [DEBUG] [org.gradle.cache.internal.DefaultFileLockManager] Releasing lock on artifact cache (C:\Users\chand\OneDrive\Desktop\ecommerce-app-master\caches\modules-2).
2022-01-04T18:09:00.733+0700 [DEBUG] [org.gradle.cache.internal.locklistener.FileLockCommunicator] Confirming lock release to Gradle process at port 60703 for lock with id -5611287796201860053.
2022-01-04T18:09:00.733+0700 [DEBUG] [org.gradle.cache.internal.locklistener.FileLockCommunicator] Confirming lock release to Gradle process at port 60703 for lock with id -5611287796201860053.
2022-01-04T18:09:02.884+0700 [DEBUG] [org.gradle.process.internal.health.memory.DefaultMemoryManager] 827708211 memory requested, 536010752 free
2022-01-04T18:09:02.884+0700 [DEBUG] [org.gradle.workers.internal.WorkerDaemonExpiration] Will attempt to release 789 of memory
2022-01-04T18:09:02.884+0700 [DEBUG] [org.gradle.process.internal.health.memory.DefaultMemoryManager] 827708211 memory requested, 0 released, 536010752 free
2022-01-04T18:09:05.065+0700 [DEBUG] [org.gradle.cache.internal.DefaultFileLockManager] Waiting to acquire shared lock on daemon addresses registry.
2022-01-04T18:09:05.066+0700 [DEBUG] [org.gradle.cache.internal.DefaultFileLockManager] Lock acquired on daemon addresses registry.
2022-01-04T18:09:05.161+0700 [DEBUG] [org.gradle.cache.internal.DefaultFileLockManager] Releasing lock on daemon addresses registry.
2022-01-04T18:09:05.162+0700 [DEBUG] [org.gradle.cache.internal.DefaultFileLockManager] Waiting to acquire shared lock on daemon addresses registry.
2022-01-04T18:09:05.162+0700 [DEBUG] [org.gradle.cache.internal.DefaultFileLockManager] Lock acquired on daemon addresses registry.
2022-01-04T18:09:05.162+0700 [DEBUG] [org.gradle.cache.internal.DefaultFileLockManager] Releasing lock on daemon addresses registry.
2022-01-04T18:09:05.163+0700 [DEBUG] [org.gradle.cache.internal.DefaultFileLockManager] Waiting to acquire shared lock on daemon addresses registry.
2022-01-04T18:09:05.163+0700 [DEBUG] [org.gradle.cache.internal.DefaultFileLockManager] Lock acquired on daemon addresses registry.
2022-01-04T18:09:05.163+0700 [DEBUG] [org.gradle.cache.internal.DefaultFileLockManager] Releasing lock on daemon addresses registry.
2022-01-04T18:09:07.872+0700 [DEBUG] [org.gradle.process.internal.health.memory.DefaultMemoryManager] 827708211 memory requested, 618176512 free
2022-01-04T18:09:07.873+0700 [DEBUG] [org.gradle.workers.internal.WorkerDaemonExpiration] Will attempt to release 789 of memory
2022-01-04T18:09:07.873+0700 [DEBUG] [org.gradle.process.internal.health.memory.DefaultMemoryManager] 827708211 memory requested, 0 released, 618176512 free
2022-01-04T18:09:08.293+0700 [DEBUG] [org.gradle.cache.internal.LockOnDemandCrossProcessCacheAccess] Lock on Artifact transforms cache (C:\Users\chand\OneDrive\Desktop\ecommerce-app-master\caches\transforms-3) requested by another process - releasing lock.
2022-01-04T18:09:08.293+0700 [DEBUG] [org.gradle.cache.internal.LockOnDemandCrossProcessCacheAccess] Releasing file lock for Artifact transforms cache (C:\Users\chand\OneDrive\Desktop\ecommerce-app-master\caches\transforms-3)
2022-01-04T18:09:08.293+0700 [DEBUG] [org.gradle.cache.internal.DefaultFileLockManager] Releasing lock on Artifact transforms cache (C:\Users\chand\OneDrive\Desktop\ecommerce-app-master\caches\transforms-3).
2022-01-04T18:09:08.295+0700 [DEBUG] [org.gradle.cache.internal.locklistener.FileLockCommunicator] Confirming lock release to Gradle process at port 60703 for lock with id 947160334084489087.
2022-01-04T18:09:08.295+0700 [DEBUG] [org.gradle.cache.internal.locklistener.FileLockCommunicator] Confirming lock release to Gradle process at port 60703 for lock with id 947160334084489087.
2022-01-04T18:09:12.872+0700 [DEBUG] [org.gradle.process.internal.health.memory.DefaultMemoryManager] 827708211 memory requested, 482959360 free
2022-01-04T18:09:12.872+0700 [DEBUG] [org.gradle.workers.internal.WorkerDaemonExpiration] Will attempt to release 789 of memory
2022-01-04T18:09:12.872+0700 [DEBUG] [org.gradle.process.internal.health.memory.DefaultMemoryManager] 827708211 memory requested, 0 released, 482959360 free
2022-01-04T18:09:14.857+0700 [DEBUG] [org.gradle.cache.internal.DefaultFileLockManager] Waiting to acquire shared lock on daemon addresses registry.
2022-01-04T18:09:14.858+0700 [DEBUG] [org.gradle.cache.internal.DefaultFileLockManager] Lock acquired on daemon addresses registry.
2022-01-04T18:09:14.858+0700 [DEBUG] [org.gradle.cache.internal.DefaultFileLockManager] Releasing lock on daemon addresses registry.
2022-01-04T18:09:14.860+0700 [DEBUG] [org.gradle.cache.internal.DefaultFileLockManager] Waiting to acquire shared lock on daemon addresses registry.
2022-01-04T18:09:14.861+0700 [DEBUG] [org.gradle.cache.internal.DefaultFileLockManager] Lock acquired on daemon addresses registry.
2022-01-04T18:09:14.861+0700 [DEBUG] [org.gradle.cache.internal.DefaultFileLockManager] Releasing lock on daemon addresses registry.
2022-01-04T18:09:14.862+0700 [DEBUG] [org.gradle.cache.internal.DefaultFileLockManager] Waiting to acquire shared lock on daemon addresses registry.
2022-01-04T18:09:14.862+0700 [DEBUG] [org.gradle.cache.internal.DefaultFileLockManager] Lock acquired on daemon addresses registry.
2022-01-04T18:09:14.863+0700 [DEBUG] [org.gradle.cache.internal.DefaultFileLockManager] Releasing lock on daemon addresses registry.
2022-01-04T18:09:18.065+0700 [DEBUG] [org.gradle.process.internal.health.memory.DefaultMemoryManager] 827708211 memory requested, 287690752 free
2022-01-04T18:09:18.065+0700 [DEBUG] [org.gradle.workers.internal.WorkerDaemonExpiration] Will attempt to release 789 of memory
2022-01-04T18:09:18.066+0700 [DEBUG] [org.gradle.process.internal.health.memory.DefaultMemoryManager] 827708211 memory requested, 0 released, 287690752 free
2022-01-04T18:09:22.881+0700 [DEBUG] [org.gradle.process.internal.health.memory.DefaultMemoryManager] 827708211 memory requested, 273899520 free
2022-01-04T18:09:22.901+0700 [DEBUG] [org.gradle.workers.internal.WorkerDaemonExpiration] Will attempt to release 789 of memory
2022-01-04T18:09:22.901+0700 [DEBUG] [org.gradle.process.internal.health.memory.DefaultMemoryManager] 827708211 memory requested, 0 released, 273899520 free
2022-01-04T18:09:24.839+0700 [DEBUG] [org.gradle.cache.internal.DefaultFileLockManager] Waiting to acquire shared lock on daemon addresses registry.
2022-01-04T18:09:24.840+0700 [DEBUG] [org.gradle.cache.internal.DefaultFileLockManager] Lock acquired on daemon addresses registry.
2022-01-04T18:09:24.841+0700 [DEBUG] [org.gradle.cache.internal.DefaultFileLockManager] Releasing lock on daemon addresses registry.
2022-01-04T18:09:24.842+0700 [DEBUG] [org.gradle.cache.internal.DefaultFileLockManager] Waiting to acquire shared lock on daemon addresses registry.
2022-01-04T18:09:24.842+0700 [DEBUG] [org.gradle.cache.internal.DefaultFileLockManager] Lock acquired on daemon addresses registry.
2022-01-04T18:09:24.842+0700 [DEBUG] [org.gradle.cache.internal.DefaultFileLockManager] Releasing lock on daemon addresses registry.
2022-01-04T18:09:24.843+0700 [DEBUG] [org.gradle.cache.internal.DefaultFileLockManager] Waiting to acquire shared lock on daemon addresses registry.
2022-01-04T18:09:24.846+0700 [DEBUG] [org.gradle.cache.internal.DefaultFileLockManager] Lock acquired on daemon addresses registry.
2022-01-04T18:09:24.847+0700 [DEBUG] [org.gradle.cache.internal.DefaultFileLockManager] Releasing lock on daemon addresses registry.
2022-01-04T18:09:27.883+0700 [DEBUG] [org.gradle.process.internal.health.memory.DefaultMemoryManager] 827708211 memory requested, 293515264 free
2022-01-04T18:09:27.883+0700 [DEBUG] [org.gradle.workers.internal.WorkerDaemonExpiration] Will attempt to release 789 of memory
2022-01-04T18:09:27.884+0700 [DEBUG] [org.gradle.process.internal.health.memory.DefaultMemoryManager] 827708211 memory requested, 0 released, 293515264 free
2022-01-04T18:09:32.884+0700 [DEBUG] [org.gradle.process.internal.health.memory.DefaultMemoryManager] 827708211 memory requested, 426872832 free
2022-01-04T18:09:32.884+0700 [DEBUG] [org.gradle.workers.internal.WorkerDaemonExpiration] Will attempt to release 789 of memory
2022-01-04T18:09:32.884+0700 [DEBUG] [org.gradle.process.internal.health.memory.DefaultMemoryManager] 827708211 memory requested, 0 released, 426872832 free
2022-01-04T18:09:34.896+0700 [DEBUG] [org.gradle.cache.internal.DefaultFileLockManager] Waiting to acquire shared lock on daemon addresses registry.
2022-01-04T18:09:34.896+0700 [DEBUG] [org.gradle.cache.internal.DefaultFileLockManager] Lock acquired on daemon addresses registry.
2022-01-04T18:09:34.910+0700 [DEBUG] [org.gradle.cache.internal.DefaultFileLockManager] Releasing lock on daemon addresses registry.
2022-01-04T18:09:34.953+0700 [DEBUG] [org.gradle.cache.internal.DefaultFileLockManager] Waiting to acquire shared lock on daemon addresses registry.
2022-01-04T18:09:34.953+0700 [DEBUG] [org.gradle.cache.internal.DefaultFileLockManager] Lock acquired on daemon addresses registry.
2022-01-04T18:09:34.954+0700 [DEBUG] [org.gradle.cache.internal.DefaultFileLockManager] Releasing lock on daemon addresses registry.
2022-01-04T18:09:34.955+0700 [DEBUG] [org.gradle.launcher.daemon.server.health.LowMemoryDaemonExpirationStrategy] Nearing low memory threshold - OS memory {Total: 8277082112, Free: 426872832}
2022-01-04T18:09:34.956+0700 [DEBUG] [org.gradle.cache.internal.DefaultFileLockManager] Waiting to acquire shared lock on daemon addresses registry.
2022-01-04T18:09:34.956+0700 [DEBUG] [org.gradle.cache.internal.DefaultFileLockManager] Lock acquired on daemon addresses registry.
2022-01-04T18:09:34.957+0700 [DEBUG] [org.gradle.cache.internal.DefaultFileLockManager] Releasing lock on daemon addresses registry.
2022-01-04T18:09:44.845+0700 [DEBUG] [org.gradle.cache.internal.DefaultFileLockManager] Waiting to acquire shared lock on daemon addresses registry.
2022-01-04T18:09:44.845+0700 [DEBUG] [org.gradle.cache.internal.DefaultFileLockManager] Lock acquired on daemon addresses registry.
2022-01-04T18:09:44.845+0700 [DEBUG] [org.gradle.cache.internal.DefaultFileLockManager] Releasing lock on daemon addresses registry.
2022-01-04T18:09:44.847+0700 [DEBUG] [org.gradle.cache.internal.DefaultFileLockManager] Waiting to acquire shared lock on daemon addresses registry.
2022-01-04T18:09:44.847+0700 [DEBUG] [org.gradle.cache.internal.DefaultFileLockManager] Lock acquired on daemon addresses registry.
2022-01-04T18:09:44.847+0700 [DEBUG] [org.gradle.cache.internal.DefaultFileLockManager] Releasing lock on daemon addresses registry.
2022-01-04T18:09:44.848+0700 [DEBUG] [org.gradle.cache.internal.DefaultFileLockManager] Waiting to acquire shared lock on daemon addresses registry.
2022-01-04T18:09:44.848+0700 [DEBUG] [org.gradle.cache.internal.DefaultFileLockManager] Lock acquired on daemon addresses registry.
2022-01-04T18:09:44.848+0700 [DEBUG] [org.gradle.cache.internal.DefaultFileLockManager] Releasing lock on daemon addresses registry.
2022-01-04T18:09:52.881+0700 [DEBUG] [org.gradle.process.internal.health.memory.DefaultMemoryManager] 827708211 memory requested, 761954304 free
2022-01-04T18:09:52.881+0700 [DEBUG] [org.gradle.workers.internal.WorkerDaemonExpiration] Will attempt to release 789 of memory
2022-01-04T18:09:52.881+0700 [DEBUG] [org.gradle.process.internal.health.memory.DefaultMemoryManager] 827708211 memory requested, 0 released, 761954304 free
2022-01-04T18:09:54.844+0700 [DEBUG] [org.gradle.cache.internal.DefaultFileLockManager] Waiting to acquire shared lock on daemon addresses registry.
2022-01-04T18:09:54.845+0700 [DEBUG] [org.gradle.cache.internal.DefaultFileLockManager] Lock acquired on daemon addresses registry.
2022-01-04T18:09:54.845+0700 [DEBUG] [org.gradle.cache.internal.DefaultFileLockManager] Releasing lock on daemon addresses registry.
2022-01-04T18:09:54.847+0700 [DEBUG] [org.gradle.cache.internal.DefaultFileLockManager] Waiting to acquire shared lock on daemon addresses registry.
2022-01-04T18:09:54.847+0700 [DEBUG] [org.gradle.cache.internal.DefaultFileLockManager] Lock acquired on daemon addresses registry.
2022-01-04T18:09:54.847+0700 [DEBUG] [org.gradle.cache.internal.DefaultFileLockManager] Releasing lock on daemon addresses registry.
2022-01-04T18:09:54.847+0700 [DEBUG] [org.gradle.launcher.daemon.server.health.LowMemoryDaemonExpirationStrategy] Nearing low memory threshold - OS memory {Total: 8277082112, Free: 761954304}
2022-01-04T18:09:54.848+0700 [DEBUG] [org.gradle.cache.internal.DefaultFileLockManager] Waiting to acquire shared lock on daemon addresses registry.
2022-01-04T18:09:54.848+0700 [DEBUG] [org.gradle.cache.internal.DefaultFileLockManager] Lock acquired on daemon addresses registry.
2022-01-04T18:09:54.848+0700 [DEBUG] [org.gradle.cache.internal.DefaultFileLockManager] Releasing lock on daemon addresses registry.
2022-01-04T18:09:57.876+0700 [DEBUG] [org.gradle.process.internal.health.memory.DefaultMemoryManager] 827708211 memory requested, 703242240 free
2022-01-04T18:09:57.876+0700 [DEBUG] [org.gradle.workers.internal.WorkerDaemonExpiration] Will attempt to release 789 of memory
2022-01-04T18:09:57.876+0700 [DEBUG] [org.gradle.process.internal.health.memory.DefaultMemoryManager] 827708211 memory requested, 0 released, 703242240 free
2022-01-04T18:10:02.874+0700 [DEBUG] [org.gradle.process.internal.health.memory.DefaultMemoryManager] 827708211 memory requested, 696270848 free
2022-01-04T18:10:02.875+0700 [DEBUG] [org.gradle.workers.internal.WorkerDaemonExpiration] Will attempt to release 789 of memory
2022-01-04T18:10:02.875+0700 [DEBUG] [org.gradle.process.internal.health.memory.DefaultMemoryManager] 827708211 memory requested, 0 released, 696270848 free
2022-01-04T18:10:04.845+0700 [DEBUG] [org.gradle.cache.internal.DefaultFileLockManager] Waiting to acquire shared lock on daemon addresses registry.
2022-01-04T18:10:04.845+0700 [DEBUG] [org.gradle.cache.internal.DefaultFileLockManager] Lock acquired on daemon addresses registry.
2022-01-04T18:10:04.845+0700 [DEBUG] [org.gradle.cache.internal.DefaultFileLockManager] Releasing lock on daemon addresses registry.
2022-01-04T18:10:04.846+0700 [DEBUG] [org.gradle.cache.internal.DefaultFileLockManager] Waiting to acquire shared lock on daemon addresses registry.
2022-01-04T18:10:04.846+0700 [DEBUG] [org.gradle.cache.internal.DefaultFileLockManager] Lock acquired on daemon addresses registry.
2022-01-04T18:10:04.846+0700 [DEBUG] [org.gradle.cache.internal.DefaultFileLockManager] Releasing lock on daemon addresses registry.
2022-01-04T18:10:04.846+0700 [DEBUG] [org.gradle.launcher.daemon.server.health.LowMemoryDaemonExpirationStrategy] Nearing low memory threshold - OS memory {Total: 8277082112, Free: 696270848}
2022-01-04T18:10:04.847+0700 [DEBUG] [org.gradle.cache.internal.DefaultFileLockManager] Waiting to acquire shared lock on daemon addresses registry.
2022-01-04T18:10:04.847+0700 [DEBUG] [org.gradle.cache.internal.DefaultFileLockManager] Lock acquired on daemon addresses registry.
2022-01-04T18:10:04.847+0700 [DEBUG] [org.gradle.cache.internal.DefaultFileLockManager] Releasing lock on daemon addresses registry.
2022-01-04T18:10:07.877+0700 [DEBUG] [org.gradle.process.internal.health.memory.DefaultMemoryManager] 827708211 memory requested, 667897856 free
2022-01-04T18:10:07.877+0700 [DEBUG] [org.gradle.workers.internal.WorkerDaemonExpiration] Will attempt to release 789 of memory
2022-01-04T18:10:07.877+0700 [DEBUG] [org.gradle.process.internal.health.memory.DefaultMemoryManager] 827708211 memory requested, 0 released, 667897856 free
2022-01-04T18:10:12.885+0700 [DEBUG] [org.gradle.process.internal.health.memory.DefaultMemoryManager] 827708211 memory requested, 801873920 free
2022-01-04T18:10:12.885+0700 [DEBUG] [org.gradle.workers.internal.WorkerDaemonExpiration] Will attempt to release 789 of memory
2022-01-04T18:10:12.885+0700 [DEBUG] [org.gradle.process.internal.health.memory.DefaultMemoryManager] 827708211 memory requested, 0 released, 801873920 free
2022-01-04T18:10:14.838+0700 [DEBUG] [org.gradle.cache.internal.DefaultFileLockManager] Waiting to acquire shared lock on daemon addresses registry.
2022-01-04T18:10:14.838+0700 [DEBUG] [org.gradle.cache.internal.DefaultFileLockManager] Lock acquired on daemon addresses registry.
2022-01-04T18:10:14.839+0700 [DEBUG] [org.gradle.cache.internal.DefaultFileLockManager] Releasing lock on daemon addresses registry.
2022-01-04T18:10:14.839+0700 [DEBUG] [org.gradle.cache.internal.DefaultFileLockManager] Waiting to acquire shared lock on daemon addresses registry.
2022-01-04T18:10:14.840+0700 [DEBUG] [org.gradle.cache.internal.DefaultFileLockManager] Lock acquired on daemon addresses registry.
2022-01-04T18:10:14.840+0700 [DEBUG] [org.gradle.cache.internal.DefaultFileLockManager] Releasing lock on daemon addresses registry.
2022-01-04T18:10:14.840+0700 [DEBUG] [org.gradle.launcher.daemon.server.health.LowMemoryDaemonExpirationStrategy] Nearing low memory threshold - OS memory {Total: 8277082112, Free: 801873920}
2022-01-04T18:10:14.841+0700 [DEBUG] [org.gradle.cache.internal.DefaultFileLockManager] Waiting to acquire shared lock on daemon addresses registry.
2022-01-04T18:10:14.841+0700 [DEBUG] [org.gradle.cache.internal.DefaultFileLockManager] Lock acquired on daemon addresses registry.
2022-01-04T18:10:14.841+0700 [DEBUG] [org.gradle.cache.internal.DefaultFileLockManager] Releasing lock on daemon addresses registry.
2022-01-04T18:10:17.884+0700 [DEBUG] [org.gradle.process.internal.health.memory.DefaultMemoryManager] 827708211 memory requested, 641433600 free
2022-01-04T18:10:17.884+0700 [DEBUG] [org.gradle.workers.internal.WorkerDaemonExpiration] Will attempt to release 789 of memory
2022-01-04T18:10:17.884+0700 [DEBUG] [org.gradle.process.internal.health.memory.DefaultMemoryManager] 827708211 memory requested, 0 released, 641433600 free
2022-01-04T18:10:22.882+0700 [DEBUG] [org.gradle.process.internal.health.memory.DefaultMemoryManager] 827708211 memory requested, 409772032 free
2022-01-04T18:10:22.882+0700 [DEBUG] [org.gradle.workers.internal.WorkerDaemonExpiration] Will attempt to release 789 of memory
2022-01-04T18:10:22.882+0700 [DEBUG] [org.gradle.process.internal.health.memory.DefaultMemoryManager] 827708211 memory requested, 0 released, 409772032 free
2022-01-04T18:10:24.854+0700 [DEBUG] [org.gradle.cache.internal.DefaultFileLockManager] Waiting to acquire shared lock on daemon addresses registry.
2022-01-04T18:10:24.854+0700 [DEBUG] [org.gradle.cache.internal.DefaultFileLockManager] Lock acquired on daemon addresses registry.
2022-01-04T18:10:24.862+0700 [DEBUG] [org.gradle.cache.internal.DefaultFileLockManager] Releasing lock on daemon addresses registry.
2022-01-04T18:10:24.863+0700 [DEBUG] [org.gradle.cache.internal.DefaultFileLockManager] Waiting to acquire shared lock on daemon addresses registry.
2022-01-04T18:10:24.863+0700 [DEBUG] [org.gradle.cache.internal.DefaultFileLockManager] Lock acquired on daemon addresses registry.
2022-01-04T18:10:24.864+0700 [DEBUG] [org.gradle.cache.internal.DefaultFileLockManager] Releasing lock on daemon addresses registry.
2022-01-04T18:10:24.868+0700 [INFO] [org.gradle.launcher.daemon.server.health.LowMemoryDaemonExpirationStrategy] after free system memory (390.7 MiB) fell below threshold of 394.6 MiB
2022-01-04T18:10:24.886+0700 [DEBUG] [org.gradle.cache.internal.DefaultFileLockManager] Waiting to acquire shared lock on daemon addresses registry.
2022-01-04T18:10:24.886+0700 [DEBUG] [org.gradle.cache.internal.DefaultFileLockManager] Lock acquired on daemon addresses registry.
2022-01-04T18:10:24.886+0700 [DEBUG] [org.gradle.cache.internal.DefaultFileLockManager] Releasing lock on daemon addresses registry.
2022-01-04T18:10:24.891+0700 [DEBUG] [org.gradle.launcher.daemon.server.DaemonRegistryUpdater] Storing daemon stop event: after being idle for 2 minutes and not recently used and to reclaim system memory
2022-01-04T18:10:24.950+0700 [DEBUG] [org.gradle.launcher.daemon.registry.PersistentDaemonRegistry] Storing daemon stop event with timestamp 1641294624893
2022-01-04T18:10:24.956+0700 [DEBUG] [org.gradle.cache.internal.DefaultFileLockManager] Waiting to acquire exclusive lock on daemon addresses registry.
2022-01-04T18:10:24.960+0700 [DEBUG] [org.gradle.cache.internal.DefaultFileLockManager] Lock acquired on daemon addresses registry.
2022-01-04T18:10:24.964+0700 [DEBUG] [org.gradle.cache.internal.DefaultFileLockManager] Releasing lock on daemon addresses registry.
2022-01-04T18:10:24.966+0700 [LIFECYCLE] [org.gradle.launcher.daemon.server.DaemonStateCoordinator] Daemon will be stopped at the end of the build after being idle for 2 minutes and not recently used and to reclaim system memory
2022-01-04T18:10:24.967+0700 [DEBUG] [org.gradle.launcher.daemon.server.DaemonStateCoordinator] Marking daemon stopped due to after being idle for 2 minutes and not recently used and to reclaim system memory. The daemon is running a build: false
2022-01-04T18:10:24.969+0700 [DEBUG] [org.gradle.launcher.daemon.server.DaemonStateCoordinator] daemon has stopped.
2022-01-04T18:10:24.970+0700 [DEBUG] [org.gradle.launcher.daemon.server.Daemon] stop() called on daemon
2022-01-04T18:10:24.970+0700 [INFO] [org.gradle.launcher.daemon.server.Daemon] Stop requested. Daemon is removing its presence from the registry...
2022-01-04T18:10:24.974+0700 [DEBUG] [org.gradle.launcher.daemon.server.DaemonRegistryUpdater] Removing our presence to clients, eg. removing this address from the registry: [c565592a-5e05-41b9-a852-212cbc650d1a port:62033, addresses:[localhost/127.0.0.1]]
2022-01-04T18:10:24.974+0700 [DEBUG] [org.gradle.launcher.daemon.registry.PersistentDaemonRegistry] Removing daemon address: [c565592a-5e05-41b9-a852-212cbc650d1a port:62033, addresses:[localhost/127.0.0.1]]
2022-01-04T18:10:24.987+0700 [DEBUG] [org.gradle.cache.internal.DefaultFileLockManager] Waiting to acquire exclusive lock on daemon addresses registry.
2022-01-04T18:10:24.987+0700 [DEBUG] [org.gradle.cache.internal.DefaultFileLockManager] Lock acquired on daemon addresses registry.
2022-01-04T18:10:24.999+0700 [DEBUG] [org.gradle.cache.internal.DefaultFileLockManager] Releasing lock on daemon addresses registry.
2022-01-04T18:10:25.000+0700 [DEBUG] [org.gradle.launcher.daemon.server.DaemonRegistryUpdater] Address removed from registry.
2022-01-04T18:10:25.033+0700 [DEBUG] [org.gradle.cache.internal.DefaultPersistentDirectoryStore] jars (C:\Users\chand\OneDrive\Desktop\ecommerce-app-master\caches\jars-8) has last been fully cleaned up 10 hours ago
2022-01-04T18:10:25.220+0700 [DEBUG] [org.gradle.internal.watch.registry.impl.DefaultFileWatcherRegistry] Finished listening to file system change events
2022-01-04T18:10:25.222+0700 [DEBUG] [org.gradle.cache.internal.DefaultPersistentDirectoryStore] Artifact transforms cache (C:\Users\chand\OneDrive\Desktop\ecommerce-app-master\caches\transforms-3) has last been fully cleaned up 10 hours ago
2022-01-04T18:10:25.223+0700 [DEBUG] [org.gradle.cache.internal.DefaultPersistentDirectoryStore] artifact cache (C:\Users\chand\OneDrive\Desktop\ecommerce-app-master\caches\modules-2) has last been fully cleaned up 11 hours ago
2022-01-04T18:10:25.224+0700 [DEBUG] [org.gradle.cache.internal.DefaultCacheAccess] Cache Generated Gradle JARs cache (C:\Users\chand\OneDrive\Desktop\ecommerce-app-master\caches\7.0.2\generated-gradle-jars) was closed 0 times.
Daemon vm is shutting down... The daemon has exited normally or was terminated in response to a user interrupt.
2022-01-04T18:10:25.248+0700 [DEBUG] [org.gradle.launcher.daemon.registry.PersistentDaemonRegistry] Removing daemon address: [c565592a-5e05-41b9-a852-212cbc650d1a port:62033, addresses:[localhost/127.0.0.1]]
2022-01-04T18:10:25.254+0700 [DEBUG] [org.gradle.cache.internal.DefaultFileLockManager] Waiting to acquire exclusive lock on daemon addresses registry.
2022-01-04T18:10:25.254+0700 [DEBUG] [org.gradle.cache.internal.DefaultFileLockManager] Lock acquired on daemon addresses registry.
2022-01-04T18:10:25.273+0700 [DEBUG] [org.gradle.cache.internal.DefaultFileLockManager] Releasing lock on daemon addresses registry.
